2024-04-24 16:23:21,419 [INFO] Activator:176 - 


2024-04-24 16:23:21,420 [INFO] Activator:177 - !SESSION log4j initialized
2024-04-24 16:23:23,485 [INFO] LogOutputStream:77 - [STDOUT_REDIRECT] 
2024-04-24 16:23:24,727 [INFO] ApplicationProperties:184 - Using Application install path: C:\ST\STM32CubeIDE_1.13.2\STM32CubeIDE\plugins\com.st.stm32cube.common.mx_6.9.2.202309101412
2024-04-24 16:23:24,737 [INFO] DbMcusXml:78 - Set database path to: C:\ST\STM32CubeIDE_1.13.2\STM32CubeIDE\plugins\com.st.stm32cube.common.mx_6.9.2.202309101412\\db\/mcu/
2024-04-24 16:23:24,737 [INFO] ApiDb:274 - Set plugin database path to: C:\ST\STM32CubeIDE_1.13.2\STM32CubeIDE\plugins\com.st.stm32cube.common.mx_6.9.2.202309101412\\db\/plugins/boardmanager/
2024-04-24 16:23:24,737 [WARN] ApiDb:259 - Overriding images path with different value:  => C:\ST\STM32CubeIDE_1.13.2\STM32CubeIDE\plugins\com.st.stm32cube.common.mx_6.9.2.202309101412\\db\/plugins/mcufinder/images/
2024-04-24 16:23:24,743 [INFO] ApiDb:250 - Set database path to: C:\Users\User\.stmcufinder\plugins\mcufinder//mcu/
2024-04-24 16:23:24,743 [INFO] DbMcusAds:125 - Set database path to: C:\Users\User\.stmcufinder\plugins\mcufinder//mcu/
2024-04-24 16:23:24,744 [INFO] CrossReferenceDbSqlite:203 - Set database path to: C:\Users\User\.stmcufinder\plugins\mcufinder//mcu/cs/
2024-04-24 16:23:24,820 [INFO] RulesReader:64 - Compatibility file has been processed (293 Rules)
2024-04-24 16:23:24,868 [INFO] DbMcusXml:78 - Set database path to: C:\ST\STM32CubeIDE_1.13.2\STM32CubeIDE\plugins\com.st.stm32cube.common.mx_6.9.2.202309101412\\db\/mcu/
2024-04-24 16:23:24,868 [INFO] ApiDb:274 - Set plugin database path to: C:\ST\STM32CubeIDE_1.13.2\STM32CubeIDE\plugins\com.st.stm32cube.common.mx_6.9.2.202309101412\\db\/plugins/boardmanager/
2024-04-24 16:23:24,868 [INFO] ApiDb:261 - Set plugin images path to: C:\ST\STM32CubeIDE_1.13.2\STM32CubeIDE\plugins\com.st.stm32cube.common.mx_6.9.2.202309101412\\db\/plugins/mcufinder/images/
2024-04-24 16:23:24,869 [WARN] DbFile:41 - Overriding database path with different value: C:\Users\User\.stmcufinder\plugins\mcufinder/ => C:\Users\User\.stmcufinder\plugins\mcufinder
2024-04-24 16:23:24,869 [INFO] ApiDb:250 - Set database path to: C:\Users\User\.stmcufinder\plugins\mcufinder//mcu/
2024-04-24 16:23:24,869 [WARN] DbFile:41 - Overriding database path with different value: C:\Users\User\.stmcufinder\plugins\mcufinder/ => C:\Users\User\.stmcufinder\plugins\mcufinder
2024-04-24 16:23:24,869 [INFO] DbMcusAds:125 - Set database path to: C:\Users\User\.stmcufinder\plugins\mcufinder//mcu/
2024-04-24 16:23:24,869 [WARN] DbFile:41 - Overriding database path with different value: C:\Users\User\.stmcufinder\plugins\mcufinder/ => C:\Users\User\.stmcufinder\plugins\mcufinder
2024-04-24 16:23:24,869 [WARN] DbFile:41 - Overriding database path with different value: C:\Users\User\.stmcufinder\plugins\mcufinder/ => C:\Users\User\.stmcufinder\plugins\mcufinder
2024-04-24 16:23:24,869 [INFO] CrossReferenceDbSqlite:203 - Set database path to: C:\Users\User\.stmcufinder\plugins\mcufinder//mcu/cs/
2024-04-24 16:23:24,911 [INFO] MainPanel:262 - HeapMemory: 268435456
2024-04-24 16:23:24,950 [INFO] DbMcusXml:78 - Set database path to: C:\ST\STM32CubeIDE_1.13.2\STM32CubeIDE\plugins\com.st.stm32cube.common.mx_6.9.2.202309101412\\db\/mcu/
2024-04-24 16:23:24,950 [INFO] ApiDb:274 - Set plugin database path to: C:\ST\STM32CubeIDE_1.13.2\STM32CubeIDE\plugins\com.st.stm32cube.common.mx_6.9.2.202309101412\\db\/plugins/boardmanager/
2024-04-24 16:23:24,950 [INFO] ApiDb:261 - Set plugin images path to: C:\ST\STM32CubeIDE_1.13.2\STM32CubeIDE\plugins\com.st.stm32cube.common.mx_6.9.2.202309101412\\db\/plugins/mcufinder/images/
2024-04-24 16:23:24,951 [WARN] DbFile:41 - Overriding database path with different value: C:\Users\User\.stmcufinder\plugins\mcufinder/ => C:\Users\User\.stmcufinder\plugins\mcufinder
2024-04-24 16:23:24,951 [INFO] ApiDb:250 - Set database path to: C:\Users\User\.stmcufinder\plugins\mcufinder//mcu/
2024-04-24 16:23:24,951 [WARN] DbFile:41 - Overriding database path with different value: C:\Users\User\.stmcufinder\plugins\mcufinder/ => C:\Users\User\.stmcufinder\plugins\mcufinder
2024-04-24 16:23:24,951 [INFO] DbMcusAds:125 - Set database path to: C:\Users\User\.stmcufinder\plugins\mcufinder//mcu/
2024-04-24 16:23:24,951 [WARN] DbFile:41 - Overriding database path with different value: C:\Users\User\.stmcufinder\plugins\mcufinder/ => C:\Users\User\.stmcufinder\plugins\mcufinder
2024-04-24 16:23:24,951 [WARN] DbFile:41 - Overriding database path with different value: C:\Users\User\.stmcufinder\plugins\mcufinder/ => C:\Users\User\.stmcufinder\plugins\mcufinder
2024-04-24 16:23:24,951 [INFO] CrossReferenceDbSqlite:203 - Set database path to: C:\Users\User\.stmcufinder\plugins\mcufinder//mcu/cs/
2024-04-24 16:23:24,961 [INFO] ApplicationProperties:184 - Using Application install path: C:\ST\STM32CubeIDE_1.13.2\STM32CubeIDE\plugins\com.st.stm32cube.common.mx_6.9.2.202309101412
2024-04-24 16:23:24,962 [INFO] PluginManage:196 - Search for loadable plugins [exclusion list=, ]
2024-04-24 16:23:24,963 [INFO] PluginManage:310 - Check plugin analytics
2024-04-24 16:23:25,066 [INFO] AnalyticsPlugin:253 - Accepted Software Licenses: 
2024-04-24 16:23:25,066 [INFO] AnalyticsPlugin:255 - Accepted CMSIS Pack Licenses: 
2024-04-24 16:23:25,066 [INFO] AnalyticsPlugin:257 - Accepted Firmware Licenses: FW.G4.1.5.0
2024-04-24 16:23:25,068 [INFO] PluginManage:359 - Loaded plugin analytics (category:tool,tabindex:-1)
2024-04-24 16:23:25,068 [INFO] PluginManage:310 - Check plugin cadmodel
2024-04-24 16:23:25,076 [INFO] CADModel:105 - Init CAD model plugin
2024-04-24 16:23:25,076 [INFO] PluginManage:359 - Loaded plugin cadmodel (category:power,tabindex:5)
2024-04-24 16:23:25,076 [INFO] PluginManage:310 - Check plugin clock
2024-04-24 16:23:25,086 [INFO] PluginManage:359 - Loaded plugin clock (category:base,tabindex:2)
2024-04-24 16:23:25,086 [INFO] PluginManage:310 - Check plugin ddr
2024-04-24 16:23:25,088 [INFO] PluginManage:359 - Loaded plugin ddr (category:tool,tabindex:6)
2024-04-24 16:23:25,088 [INFO] PluginManage:310 - Check plugin filemanager
2024-04-24 16:23:25,169 [INFO] PluginManage:359 - Loaded plugin filemanager (category:base,tabindex:10)
2024-04-24 16:23:25,169 [INFO] PluginManage:310 - Check plugin ipmanager
2024-04-24 16:23:25,173 [INFO] PluginManage:359 - Loaded plugin ipmanager (category:base,tabindex:5)
2024-04-24 16:23:25,173 [INFO] PluginManage:310 - Check plugin lpbam
2024-04-24 16:23:25,184 [INFO] PluginManage:359 - Loaded plugin lpbam (category:base,tabindex:0)
2024-04-24 16:23:25,185 [INFO] PluginManage:310 - Check plugin memorymap
2024-04-24 16:23:25,196 [INFO] PluginManage:359 - Loaded plugin memorymap (category:base,tabindex:4)
2024-04-24 16:23:25,196 [INFO] PluginManage:310 - Check plugin pinoutandconfiguration
2024-04-24 16:23:25,206 [INFO] PluginManage:359 - Loaded plugin pinoutandconfiguration (category:base,tabindex:1)
2024-04-24 16:23:25,206 [INFO] PluginManage:310 - Check plugin pinoutconfig
2024-04-24 16:23:25,273 [WARN] SupportedApi:132 - Cannot load RTOS API schema: s4s-elt-must-match.1: The content of 'definitions' must match (annotation?, (simpleType | complexType)?, (unique | key | keyref)*)). A problem was found starting at: attribute.
2024-04-24 16:23:25,363 [INFO] PluginManage:359 - Loaded plugin pinoutconfig (category:base,tabindex:0)
2024-04-24 16:23:25,363 [INFO] PluginManage:310 - Check plugin power
2024-04-24 16:23:25,373 [INFO] PluginManage:359 - Loaded plugin power (category:power,tabindex:4)
2024-04-24 16:23:25,373 [INFO] PluginManage:310 - Check plugin projectmanager
2024-04-24 16:23:25,383 [INFO] PluginManage:359 - Loaded plugin projectmanager (category:projectmanager,tabindex:3)
2024-04-24 16:23:25,383 [INFO] PluginManage:310 - Check plugin thirdparty
2024-04-24 16:23:25,523 [INFO] PluginManage:359 - Loaded plugin thirdparty (category:base,tabindex:-1)
2024-04-24 16:23:25,523 [INFO] PluginManage:310 - Check plugin tools
2024-04-24 16:23:25,523 [WARN] IntegrityCheckThread:84 - waiting for thirdparty lock release [integrity check]
2024-04-24 16:23:25,524 [INFO] IntegrityCheckThread:86 - entering critical section [integrity check]
2024-04-24 16:23:25,524 [INFO] ThirdPartyUpdaterWithRetryManager:70 - Updater plugin not ready yet. [1/15]
2024-04-24 16:23:25,543 [INFO] PluginManage:359 - Loaded plugin tools (category:base,tabindex:7)
2024-04-24 16:23:25,543 [INFO] PluginManage:310 - Check plugin tutovideos
2024-04-24 16:23:25,648 [INFO] PluginManage:359 - Loaded plugin tutovideos (category:base,tabindex:-1)
2024-04-24 16:23:25,648 [INFO] PluginManage:310 - Check plugin updater
2024-04-24 16:23:25,654 [INFO] PluginManage:359 - Loaded plugin updater (category:base,tabindex:12)
2024-04-24 16:23:25,654 [INFO] PluginManage:310 - Check plugin userauth
2024-04-24 16:23:25,656 [INFO] UserAuth:113 - Init User Auth plugin
2024-04-24 16:23:25,656 [INFO] PluginManage:359 - Loaded plugin userauth (category:base,tabindex:14)
2024-04-24 16:23:25,656 [INFO] PluginManage:283 - PluginManage : Loaded plugins [17]
2024-04-24 16:23:25,767 [INFO] PinOutPanel:1499 - setPackage(No Configuration,No Configuration)
2024-04-24 16:23:25,823 [INFO] CADModel:165 - CPN selected for project level
2024-04-24 16:23:25,823 [INFO] CADModel:114 - Register for checkConnection events
2024-04-24 16:23:25,838 [INFO] IPUIPlugin:80 - create IPUIPlugin
2024-04-24 16:23:25,838 [INFO] PluginManager:220 - loadIPPluginJar : add adc
2024-04-24 16:23:25,858 [INFO] IPUIPlugin:80 - create IPUIPlugin
2024-04-24 16:23:25,858 [INFO] PluginManager:220 - loadIPPluginJar : add aes
2024-04-24 16:23:25,882 [INFO] IPUIPlugin:80 - create IPUIPlugin
2024-04-24 16:23:25,882 [INFO] PluginManager:220 - loadIPPluginJar : add can
2024-04-24 16:23:25,894 [INFO] IPUIPlugin:80 - create IPUIPlugin
2024-04-24 16:23:25,894 [INFO] PluginManager:220 - loadIPPluginJar : add comp
2024-04-24 16:23:25,912 [INFO] IPUIPlugin:80 - create IPUIPlugin
2024-04-24 16:23:25,912 [INFO] PluginManager:220 - loadIPPluginJar : add cryp
2024-04-24 16:23:25,928 [INFO] IPUIPlugin:80 - create IPUIPlugin
2024-04-24 16:23:25,928 [INFO] PluginManager:220 - loadIPPluginJar : add dfsdm
2024-04-24 16:23:25,937 [INFO] IPUIPlugin:80 - create IPUIPlugin
2024-04-24 16:23:25,937 [INFO] PluginManager:220 - loadIPPluginJar : add dma
2024-04-24 16:23:25,962 [INFO] IPUIPlugin:80 - create IPUIPlugin
2024-04-24 16:23:25,962 [INFO] PluginManager:220 - loadIPPluginJar : add dma3
2024-04-24 16:23:25,972 [INFO] IPUIPlugin:80 - create IPUIPlugin
2024-04-24 16:23:25,972 [INFO] PluginManager:220 - loadIPPluginJar : add fatfs
2024-04-24 16:23:25,999 [INFO] IPUIPlugin:80 - create IPUIPlugin
2024-04-24 16:23:25,999 [INFO] PluginManager:220 - loadIPPluginJar : add fmc
2024-04-24 16:23:26,007 [INFO] IPUIPlugin:80 - create IPUIPlugin
2024-04-24 16:23:26,007 [INFO] PluginManager:220 - loadIPPluginJar : add freertos
2024-04-24 16:23:26,019 [INFO] IPUIPlugin:80 - create IPUIPlugin
2024-04-24 16:23:26,019 [INFO] PluginManager:220 - loadIPPluginJar : add genericplugin
2024-04-24 16:23:26,073 [INFO] IPUIPlugin:80 - create IPUIPlugin
2024-04-24 16:23:26,073 [INFO] PluginManager:220 - loadIPPluginJar : add gfxmmu
2024-04-24 16:23:26,147 [INFO] IPUIPlugin:80 - create IPUIPlugin
2024-04-24 16:23:26,148 [INFO] PluginManager:220 - loadIPPluginJar : add gic
2024-04-24 16:23:26,154 [INFO] IPUIPlugin:80 - create IPUIPlugin
2024-04-24 16:23:26,154 [INFO] PluginManager:220 - loadIPPluginJar : add gpio
2024-04-24 16:23:26,209 [INFO] IPUIPlugin:80 - create IPUIPlugin
2024-04-24 16:23:26,209 [INFO] PluginManager:220 - loadIPPluginJar : add gtzc
2024-04-24 16:23:26,229 [INFO] IPUIPlugin:80 - create IPUIPlugin
2024-04-24 16:23:26,229 [INFO] PluginManager:220 - loadIPPluginJar : add hash
2024-04-24 16:23:26,259 [INFO] IPUIPlugin:80 - create IPUIPlugin
2024-04-24 16:23:26,259 [INFO] PluginManager:220 - loadIPPluginJar : add i2c
2024-04-24 16:23:26,280 [INFO] IPUIPlugin:80 - create IPUIPlugin
2024-04-24 16:23:26,280 [INFO] PluginManager:220 - loadIPPluginJar : add i2s
2024-04-24 16:23:26,304 [INFO] IPUIPlugin:80 - create IPUIPlugin
2024-04-24 16:23:26,304 [INFO] PluginManager:220 - loadIPPluginJar : add i3c
2024-04-24 16:23:26,367 [INFO] IPUIPlugin:80 - create IPUIPlugin
2024-04-24 16:23:26,367 [INFO] PluginManager:220 - loadIPPluginJar : add ipddr
2024-04-24 16:23:26,419 [INFO] IPUIPlugin:80 - create IPUIPlugin
2024-04-24 16:23:26,419 [INFO] PluginManager:220 - loadIPPluginJar : add linkedlist
2024-04-24 16:23:26,438 [INFO] IPUIPlugin:80 - create IPUIPlugin
2024-04-24 16:23:26,438 [INFO] PluginManager:220 - loadIPPluginJar : add lorawan
2024-04-24 16:23:26,458 [INFO] IPUIPlugin:80 - create IPUIPlugin
2024-04-24 16:23:26,459 [INFO] PluginManager:220 - loadIPPluginJar : add ltdc
2024-04-24 16:23:26,466 [INFO] IPUIPlugin:80 - create IPUIPlugin
2024-04-24 16:23:26,467 [INFO] PluginManager:220 - loadIPPluginJar : add mdma
2024-04-24 16:23:26,472 [INFO] IPUIPlugin:80 - create IPUIPlugin
2024-04-24 16:23:26,472 [INFO] PluginManager:220 - loadIPPluginJar : add nvic
2024-04-24 16:23:26,494 [INFO] IPUIPlugin:80 - create IPUIPlugin
2024-04-24 16:23:26,494 [INFO] PluginManager:220 - loadIPPluginJar : add opamp
2024-04-24 16:23:26,529 [INFO] IPUIPlugin:80 - create IPUIPlugin
2024-04-24 16:23:26,529 [INFO] PluginManager:220 - loadIPPluginJar : add openamp
2024-04-24 16:23:26,553 [INFO] IPUIPlugin:80 - create IPUIPlugin
2024-04-24 16:23:26,554 [INFO] PluginManager:220 - loadIPPluginJar : add pdm2pcm
2024-04-24 16:23:26,562 [INFO] IPUIPlugin:80 - create IPUIPlugin
2024-04-24 16:23:26,563 [INFO] PluginManager:220 - loadIPPluginJar : add plateformsettings
2024-04-24 16:23:26,575 [INFO] IPUIPlugin:80 - create IPUIPlugin
2024-04-24 16:23:26,575 [INFO] PluginManager:220 - loadIPPluginJar : add quadspi
2024-04-24 16:23:26,581 [INFO] IPUIPlugin:80 - create IPUIPlugin
2024-04-24 16:23:26,581 [INFO] PluginManager:220 - loadIPPluginJar : add resmgrutility
2024-04-24 16:23:26,610 [INFO] IPUIPlugin:80 - create IPUIPlugin
2024-04-24 16:23:26,610 [INFO] PluginManager:220 - loadIPPluginJar : add sai
2024-04-24 16:23:26,629 [INFO] IPUIPlugin:80 - create IPUIPlugin
2024-04-24 16:23:26,629 [INFO] PluginManager:220 - loadIPPluginJar : add spi
2024-04-24 16:23:26,663 [INFO] IPUIPlugin:80 - create IPUIPlugin
2024-04-24 16:23:26,663 [INFO] PluginManager:220 - loadIPPluginJar : add stm32_wpan
2024-04-24 16:23:26,675 [INFO] IPUIPlugin:80 - create IPUIPlugin
2024-04-24 16:23:26,675 [INFO] PluginManager:220 - loadIPPluginJar : add tim
2024-04-24 16:23:26,707 [INFO] IPUIPlugin:80 - create IPUIPlugin
2024-04-24 16:23:26,707 [INFO] PluginManager:220 - loadIPPluginJar : add touchsensing
2024-04-24 16:23:26,719 [INFO] IPUIPlugin:80 - create IPUIPlugin
2024-04-24 16:23:26,719 [INFO] PluginManager:220 - loadIPPluginJar : add tracer_emb
2024-04-24 16:23:26,732 [INFO] IPUIPlugin:80 - create IPUIPlugin
2024-04-24 16:23:26,732 [INFO] PluginManager:220 - loadIPPluginJar : add ts
2024-04-24 16:23:26,745 [INFO] IPUIPlugin:80 - create IPUIPlugin
2024-04-24 16:23:26,745 [INFO] PluginManager:220 - loadIPPluginJar : add tsc
2024-04-24 16:23:26,756 [INFO] IPUIPlugin:80 - create IPUIPlugin
2024-04-24 16:23:26,756 [INFO] PluginManager:220 - loadIPPluginJar : add ucpd
2024-04-24 16:23:26,781 [INFO] IPUIPlugin:80 - create IPUIPlugin
2024-04-24 16:23:26,781 [INFO] PluginManager:220 - loadIPPluginJar : add usart
2024-04-24 16:23:26,806 [INFO] IPUIPlugin:80 - create IPUIPlugin
2024-04-24 16:23:26,806 [INFO] PluginManager:220 - loadIPPluginJar : add usbx
2024-04-24 16:23:26,906 [INFO] CADModel:165 - CPN selected for project level
2024-04-24 16:23:26,906 [INFO] CADModel:114 - Register for checkConnection events
2024-04-24 16:23:26,906 [FATAL] Updater:308 - Updater called before beeing initialized
2024-04-24 16:23:26,906 [ERROR] CADModel:125 - Updater not yet initialized, retry later 
2024-04-24 16:23:26,978 [INFO] CADModel:165 - CPN selected for project level
2024-04-24 16:23:26,978 [INFO] CADModel:114 - Register for checkConnection events
2024-04-24 16:23:26,978 [FATAL] Updater:308 - Updater called before beeing initialized
2024-04-24 16:23:26,978 [ERROR] CADModel:125 - Updater not yet initialized, retry later 
2024-04-24 16:23:26,981 [FATAL] Updater:308 - Updater called before beeing initialized
2024-04-24 16:23:27,036 [FATAL] Updater:308 - Updater called before beeing initialized
2024-04-24 16:23:27,044 [INFO] DbMcusAds:53 - JSON generation date=Tue Mar 07 15:50:55 ICT 2023 (1678179055114)
2024-04-24 16:23:27,044 [FATAL] Updater:308 - Updater called before beeing initialized
2024-04-24 16:23:27,091 [WARN] DetailPanel:346 - Failed to get advertising image, set to default
2024-04-24 16:23:27,159 [FATAL] Updater:308 - Updater called before beeing initialized
2024-04-24 16:23:27,160 [FATAL] Updater:308 - Updater called before beeing initialized
2024-04-24 16:23:27,160 [FATAL] Updater:308 - Updater called before beeing initialized
2024-04-24 16:23:27,160 [WARN] DetailPanel:346 - Failed to get advertising image, set to default
2024-04-24 16:23:27,161 [FATAL] Updater:308 - Updater called before beeing initialized
2024-04-24 16:23:27,191 [ERROR] Updater:1120 - MainUpdater not yet initialized. External WinMGr cannot be set.
2024-04-24 16:23:27,197 [INFO] Updater:1056 - Updater Version found : 6.9.2
2024-04-24 16:23:27,208 [INFO] ApplicationProperties:184 - Using Application install path: C:\ST\STM32CubeIDE_1.13.2\STM32CubeIDE\plugins\com.st.stm32cube.common.mx_6.9.2.202309101412
2024-04-24 16:23:27,278 [INFO] MainUpdater:2868 - connection check result : 10
2024-04-24 16:23:27,279 [INFO] MainUpdater:285 - Updater Check For Update Now.
2024-04-24 16:23:27,279 [INFO] MicroXplorer:498 - Change Database Version : DB.6.0.92
2024-04-24 16:23:27,291 [INFO] McuFinderGlobals:63 - Set McuFinder mode to 2 (CubeIDE integrated)
2024-04-24 16:23:27,291 [INFO] UserAuth:179 - activating auth plugin
2024-04-24 16:23:27,292 [INFO] UserAuth:393 - Internet connection configuration mode: 1
2024-04-24 16:23:27,305 [INFO] JxBrowserEngine:151 - Initiate JxBrowser Engine with user profile folder
2024-04-24 16:23:27,445 [INFO] CheckServerUpdateThread:120 - End of CheckServer Thread
2024-04-24 16:23:28,568 [INFO] WebApp:157 - Instantiating new browser for Auth
2024-04-24 16:23:28,668 [WARN] PackLoader:240 - Cannot read IP mode file for STMicroelectronics.FP-SNS-MOTENVWB1.1.4.0
2024-04-24 16:23:28,680 [WARN] PackLoader:240 - Cannot read IP mode file for STMicroelectronics.X-CUBE-SMBUS.2.1.0
2024-04-24 16:23:28,685 [WARN] PackLoader:240 - Cannot read IP mode file for STMicroelectronics.X-CUBE-TOUCHGFX.4.23.2
2024-04-24 16:23:28,708 [WARN] PackLoader:240 - Cannot read IP mode file for STMicroelectronics.X-CUBE-AZRTOS-F7.1.1.0
2024-04-24 16:23:28,714 [WARN] PackLoader:240 - Cannot read IP mode file for STMicroelectronics.FP-SNS-MOTENV1.4.3.2
2024-04-24 16:23:28,719 [WARN] PackLoader:240 - Cannot read IP mode file for STMicroelectronics.FP-SNS-FLIGHT1.5.0.2
2024-04-24 16:23:28,724 [WARN] PackLoader:240 - Cannot read IP mode file for STMicroelectronics.X-CUBE-DISPLAY.3.0.0
2024-04-24 16:23:28,734 [WARN] PackLoader:240 - Cannot read IP mode file for STMicroelectronics.X-CUBE-BLE1.7.0.0
2024-04-24 16:23:28,738 [WARN] PackLoader:240 - Cannot read IP mode file for emotas.I-CUBE-CANOPEN.1.3.0
2024-04-24 16:23:28,739 [WARN] PackLoader:240 - Cannot read IP mode file for STMicroelectronics.X-CUBE-TOUCHGFX.4.22.1
2024-04-24 16:23:28,748 [WARN] PackLoader:240 - Cannot read IP mode file for STMicroelectronics.X-CUBE-BLEMGR.3.1.0
2024-04-24 16:23:28,754 [WARN] PackLoader:240 - Cannot read IP mode file for STMicroelectronics.FP-SNS-SMARTAG2.1.2.0
2024-04-24 16:23:28,761 [INFO] LogOutputStream:77 - [STDOUT_REDIRECT] 1 : Invalid condition id : UX_CORESTACK_Condition cause : null
2024-04-24 16:23:28,762 [INFO] LogOutputStream:77 - [STDOUT_REDIRECT] 1 : Invalid condition id : UX_CORESTACK_Condition cause : null
2024-04-24 16:23:28,763 [INFO] LogOutputStream:77 - [STDOUT_REDIRECT] 1 : Invalid condition id : UX_CORESTACK_Condition cause : null
2024-04-24 16:23:28,763 [INFO] LogOutputStream:77 - [STDOUT_REDIRECT] 1 : Invalid condition id : UX_CORESTACK_Condition cause : null
2024-04-24 16:23:28,764 [INFO] LogOutputStream:77 - [STDOUT_REDIRECT] 1 : Invalid condition id : UX_CORESTACK_Condition cause : null
2024-04-24 16:23:28,767 [WARN] PackLoader:240 - Cannot read IP mode file for STMicroelectronics.X-CUBE-AZRTOS-WL.2.0.0
2024-04-24 16:23:28,772 [WARN] PackLoader:240 - Cannot read IP mode file for STMicroelectronics.FP-SNS-MOTENV1.5.0.0
2024-04-24 16:23:28,779 [WARN] PackLoader:240 - Cannot read IP mode file for WES.I-CUBE-Cesium.1.3.0
2024-04-24 16:23:28,783 [WARN] PackLoader:240 - Cannot read IP mode file for STMicroelectronics.X-CUBE-BLE2.3.3.0
2024-04-24 16:23:28,787 [WARN] PackLoader:240 - Cannot read IP mode file for STMicroelectronics.X-CUBE-TCPP.4.1.0
2024-04-24 16:23:28,792 [WARN] PackLoader:240 - Cannot read IP mode file for STMicroelectronics.X-CUBE-ALGOBUILD.1.3.0
2024-04-24 16:23:28,806 [WARN] PackLoader:240 - Cannot read IP mode file for STMicroelectronics.X-CUBE-AZRTOS-G0.1.1.0
2024-04-24 16:23:28,812 [WARN] PackLoader:240 - Cannot read IP mode file for STMicroelectronics.X-CUBE-SAFEA1.1.2.2
2024-04-24 16:23:28,817 [WARN] PackLoader:240 - Cannot read IP mode file for STMicroelectronics.X-CUBE-NFC4.3.0.0
2024-04-24 16:23:28,824 [WARN] PackLoader:240 - Cannot read IP mode file for STMicroelectronics.X-CUBE-BLEMGR.3.0.0
2024-04-24 16:23:28,829 [WARN] PackLoader:240 - Cannot read IP mode file for STMicroelectronics.FP-ATR-SIGFOX1.3.2.0
2024-04-24 16:23:28,833 [WARN] PackLoader:240 - Cannot read IP mode file for STMicroelectronics.X-CUBE-EEPRMA1.5.1.0
2024-04-24 16:23:28,872 [WARN] PackLoader:240 - Cannot read IP mode file for SEGGER.I-CUBE-embOS.1.3.1
2024-04-24 16:23:28,917 [WARN] PackLoader:240 - Cannot read IP mode file for STMicroelectronics.X-CUBE-GNSS1.6.0.0
2024-04-24 16:23:28,926 [WARN] PackLoader:240 - Cannot read IP mode file for STMicroelectronics.X-CUBE-AZRTOS-F4.1.1.0
2024-04-24 16:23:28,930 [WARN] PackLoader:240 - Cannot read IP mode file for wolfSSL.I-CUBE-wolfSSL.5.6.4
2024-04-24 16:23:28,933 [WARN] PackLoader:240 - Cannot read IP mode file for STMicroelectronics.X-CUBE-FREERTOS.1.2.0
2024-04-24 16:23:28,944 [WARN] PackLoader:240 - Cannot read IP mode file for STMicroelectronics.X-CUBE-AZRTOS-L5.2.0.0
2024-04-24 16:23:28,950 [WARN] PackLoader:240 - Cannot read IP mode file for STMicroelectronics.X-CUBE-EEPRMA1.4.2.0
2024-04-24 16:23:28,957 [WARN] PackLoader:240 - Cannot read IP mode file for STMicroelectronics.X-CUBE-NFC6.3.1.0
2024-04-24 16:23:28,963 [WARN] PackLoader:240 - Cannot read IP mode file for ITTIA_DB.I-CUBE-ITTIADB.8.8.0
2024-04-24 16:23:28,965 [WARN] PackLoader:240 - Cannot read IP mode file for STMicroelectronics.X-CUBE-AI.9.0.0
2024-04-24 16:23:28,978 [WARN] ConditionMgr:438 - getConditionDescription Invalid condition id : UX DEVICE CLASS RTOS Condition cause : null
2024-04-24 16:23:28,979 [WARN] ConditionMgr:438 - getConditionDescription Invalid condition id : UX DEVICE CLASS RTOS Condition cause : null
2024-04-24 16:23:28,982 [WARN] PackLoader:240 - Cannot read IP mode file for STMicroelectronics.X-CUBE-AZRTOS-H7.3.1.0
2024-04-24 16:23:28,983 [WARN] ConditionMgr:1039 - genDependencies : Invalid condition id : UX DEVICE CLASS RTOS Condition cause : null
2024-04-24 16:23:28,983 [WARN] ConditionMgr:1039 - genDependencies : Invalid condition id : UX DEVICE CLASS RTOS Condition cause : null
2024-04-24 16:23:28,983 [WARN] ConditionMgr:1039 - genDependencies : Invalid condition id : UX DEVICE CLASS RTOS Condition cause : null
2024-04-24 16:23:28,984 [WARN] ConditionMgr:1039 - genDependencies : Invalid condition id : UX DEVICE CLASS RTOS Condition cause : null
2024-04-24 16:23:28,984 [WARN] ConditionMgr:1039 - genDependencies : Invalid condition id : UX DEVICE CLASS RTOS Condition cause : null
2024-04-24 16:23:28,988 [WARN] PackLoader:240 - Cannot read IP mode file for STMicroelectronics.X-CUBE-NFC7.1.0.1
2024-04-24 16:23:28,992 [WARN] PackLoader:240 - Cannot read IP mode file for STMicroelectronics.X-CUBE-NFC6.3.0.0
2024-04-24 16:23:28,995 [WARN] PackLoader:240 - Cannot read IP mode file for STMicroelectronics.X-CUBE-AI.8.1.0
2024-04-24 16:23:29,008 [WARN] ConditionMgr:438 - getConditionDescription Invalid condition id : LAN8742 Phy interface Condition cause : null
2024-04-24 16:23:29,008 [WARN] PackLoader:240 - Cannot read IP mode file for STMicroelectronics.X-CUBE-AZRTOS-L4.2.0.0
2024-04-24 16:23:29,009 [WARN] ConditionMgr:1039 - genDependencies : Invalid condition id : LAN8742 Phy interface Condition cause : null
2024-04-24 16:23:29,009 [WARN] ConditionMgr:1039 - genDependencies : Invalid condition id : LAN8742 Phy interface Condition cause : null
2024-04-24 16:23:29,009 [WARN] ConditionMgr:1039 - genDependencies : Invalid condition id : LAN8742 Phy interface Condition cause : null
2024-04-24 16:23:29,018 [WARN] PackLoader:240 - Cannot read IP mode file for STMicroelectronics.X-CUBE-SFXS2LP1.4.0.0
2024-04-24 16:23:29,021 [WARN] PackLoader:240 - Cannot read IP mode file for STMicroelectronics.X-CUBE-ISPU.1.1.0
2024-04-24 16:23:29,030 [WARN] ConditionMgr:438 - getConditionDescription Invalid condition id : UX DEVICE CLASS RTOS Condition cause : null
2024-04-24 16:23:29,030 [WARN] ConditionMgr:438 - getConditionDescription Invalid condition id : UX DEVICE CLASS RTOS Condition cause : null
2024-04-24 16:23:29,031 [WARN] PackLoader:240 - Cannot read IP mode file for STMicroelectronics.X-CUBE-AZRTOS-WB.2.0.0
2024-04-24 16:23:29,031 [WARN] ConditionMgr:1039 - genDependencies : Invalid condition id : UX DEVICE CLASS RTOS Condition cause : null
2024-04-24 16:23:29,031 [WARN] ConditionMgr:1039 - genDependencies : Invalid condition id : UX DEVICE CLASS RTOS Condition cause : null
2024-04-24 16:23:29,031 [WARN] ConditionMgr:1039 - genDependencies : Invalid condition id : UX DEVICE CLASS RTOS Condition cause : null
2024-04-24 16:23:29,031 [WARN] ConditionMgr:1039 - genDependencies : Invalid condition id : UX DEVICE CLASS RTOS Condition cause : null
2024-04-24 16:23:29,031 [WARN] ConditionMgr:1039 - genDependencies : Invalid condition id : UX DEVICE CLASS RTOS Condition cause : null
2024-04-24 16:23:29,038 [WARN] PackLoader:240 - Cannot read IP mode file for STMicroelectronics.X-CUBE-SUBG2.5.0.0
2024-04-24 16:23:29,046 [WARN] PackLoader:240 - Cannot read IP mode file for STMicroelectronics.X-CUBE-TOF1.3.3.1
2024-04-24 16:23:29,059 [WARN] PackLoader:240 - Cannot read IP mode file for STMicroelectronics.X-CUBE-AZRTOS-G4.2.0.0
2024-04-24 16:23:29,065 [WARN] PackLoader:240 - Cannot read IP mode file for Infineon.AIROC-Wi-Fi-Bluetooth-STM32.1.5.1
2024-04-24 16:23:29,069 [WARN] PackLoader:240 - Cannot read IP mode file for STMicroelectronics.FP-SNS-MOTENVWB1.1.3.0
2024-04-24 16:23:29,070 [WARN] PackLoader:240 - Cannot read IP mode file for STMicroelectronics.X-CUBE-ISPU.2.0.0
2024-04-24 16:23:29,091 [WARN] PackLoader:240 - Cannot read IP mode file for STMicroelectronics.X-CUBE-MEMS1.10.0.0
2024-04-24 16:23:29,114 [INFO] WebApp:753 - Register for checkConnection events
2024-04-24 16:23:29,115 [INFO] WebApp:390 - Apply proxy settings
2024-04-24 16:23:29,115 [INFO] WebApp:475 - Chromium requires no authentication
2024-04-24 16:23:29,119 [INFO] WebApp:418 - Direct internet connection detected
2024-04-24 16:23:29,160 [WARN] PackLoader:240 - Cannot read IP mode file for STMicroelectronics.X-CUBE-FREERTOS.1.1.0
2024-04-24 16:23:29,162 [WARN] PackLoader:240 - Cannot read IP mode file for portGmbH.I-Cube-SoM-uGOAL.1.1.0
2024-04-24 16:23:29,164 [WARN] PackLoader:240 - Cannot read IP mode file for STMicroelectronics.X-CUBE-ALS.1.0.1
2024-04-24 16:23:29,172 [WARN] PackLoader:240 - Cannot read IP mode file for STMicroelectronics.X-CUBE-AZRTOS-H7RS.1.0.0
2024-04-24 16:23:29,175 [WARN] PackLoader:240 - Cannot read IP mode file for STMicroelectronics.FP-ATR-ASTRA1.2.0.0
2024-04-24 16:23:29,179 [WARN] PackLoader:240 - Cannot read IP mode file for STMicroelectronics.X-CUBE-TOF1.3.4.0
2024-04-24 16:23:29,189 [WARN] PackLoader:240 - Cannot read IP mode file for STMicroelectronics.X-CUBE-TOF1.3.4.1
2024-04-24 16:23:29,202 [WARN] PackLoader:240 - Cannot read IP mode file for STMicroelectronics.X-CUBE-AZRTOS-H7.3.2.0
2024-04-24 16:23:29,204 [INFO] ThirdParty:978 - Integrity check success = true
2024-04-24 16:23:29,204 [INFO] IntegrityCheckThread:100 - exiting critical section [integrity check]
2024-04-24 16:23:29,204 [INFO] IntegrityCheckThread:103 - End integrity checks thread
2024-04-24 16:23:29,278 [INFO] WebApp:188 - Starting web application
2024-04-24 16:23:29,278 [INFO] WebApp:520 - Web application path used C:\ST\STM32CubeIDE_1.13.2\STM32CubeIDE\plugins\com.st.stm32cube.common.mx_6.9.2.202309101412\db\plugins\mcufinder\reactClient1\index.html
2024-04-24 16:23:49,676 [ERROR] LogOutputStream:75 - [STDERR_REDIRECT] SLF4J: Failed to load class "org.slf4j.impl.StaticLoggerBinder".
2024-04-24 16:23:49,677 [ERROR] LogOutputStream:75 - [STDERR_REDIRECT] SLF4J: Defaulting to no-operation (NOP) logger implementation
2024-04-24 16:23:49,677 [ERROR] LogOutputStream:75 - [STDERR_REDIRECT] SLF4J: See http://www.slf4j.org/codes.html#StaticLoggerBinder for further details.
2024-04-24 16:28:48,858 [INFO] McuFinderGlobals:63 - Set McuFinder mode to 2 (CubeIDE integrated)
2024-04-24 16:28:48,872 [INFO] MainUpdater:2868 - connection check result : 10
2024-04-24 16:28:48,882 [INFO] McuFinderGlobals:76 - Set McuFinderConnectedMode to true
2024-04-24 16:28:49,105 [INFO] ServerAccessManage:473 - Download File mcusAds.json._tmp_
2024-04-24 16:28:49,212 [INFO] LoadUrlFilesThread:156 - End of LoadUrlFiles Thread
2024-04-24 16:28:51,089 [INFO] ServerAccessManage:473 - Download File cube-finder-db.zip
2024-04-24 16:28:51,762 [INFO] FileExtend:240 - Unzip File : cube-finder-db.zip
2024-04-24 16:28:51,762 [INFO] FileExtend:255 - Standard Zip Deflate
2024-04-24 16:28:52,274 [INFO] LoadUrlFilesThread:156 - End of LoadUrlFiles Thread
2024-04-24 16:28:53,240 [INFO] ServerAccessManage:473 - Download File crdb.zip
2024-04-24 16:28:54,745 [INFO] FileExtend:240 - Unzip File : crdb.zip
2024-04-24 16:28:54,745 [INFO] FileExtend:255 - Standard Zip Deflate
2024-04-24 16:28:54,867 [INFO] LoadUrlFilesThread:156 - End of LoadUrlFiles Thread
2024-04-24 16:28:56,799 [INFO] ServerAccessManage:473 - Download File tutoVideoDB.zip
2024-04-24 16:28:56,802 [INFO] FileExtend:240 - Unzip File : tutoVideoDB.zip
2024-04-24 16:28:56,802 [INFO] FileExtend:255 - Standard Zip Deflate
2024-04-24 16:28:56,915 [INFO] LoadUrlFilesThread:156 - End of LoadUrlFiles Thread
2024-04-24 16:28:56,917 [WARN] DbFile:41 - Overriding database path with different value: C:\Users\User\.stmcufinder\plugins\mcufinder/ => C:\Users\User\.stmcufinder\plugins\mcufinder
2024-04-24 16:28:57,983 [INFO] ServerAccessManage:473 - Download File api_config.json
2024-04-24 16:28:58,091 [INFO] LoadUrlFilesThread:156 - End of LoadUrlFiles Thread
2024-04-24 16:28:58,091 [INFO] DbMcusAds:53 - JSON generation date=Wed Nov 29 17:52:27 ICT 2023 (1701255147349)
2024-04-24 16:28:58,148 [INFO] ServerAccessManage:473 - Download File 
2024-04-24 16:28:58,159 [INFO] LoadUrlFilesThread:185 - End of LoadServerUrlFiles without Thread
2024-04-24 16:28:58,160 [INFO] TargetSelectorAdapter:259 - Refresh data is successful
2024-04-24 16:28:58,246 [INFO] ApiDb:581 - Connected to CubeFinder SQLite database (C:\Users\User\.stmcufinder\plugins\mcufinder\mcu\cube-finder-db.db)
2024-04-24 16:28:58,287 [INFO] ApiDb:668 - CubeFinder database Data Model version=2.1
2024-04-24 16:28:58,287 [INFO] ApiDb:669 - CubeFinder database Configuration version=3.0.39
2024-04-24 16:28:58,287 [INFO] ApiDb:670 - CubeFinder database generation date=2024-03-25 (1711369621)
2024-04-24 16:28:58,287 [INFO] ApiDb:671 - CubeFinder database FW Pack versions=[FP-ATR-ASTRA1_V2.0.0, FP-SNS-FLIGHT1_V5.0.1, FP-SNS-FLIGHT1_V5.0.2, FP-SNS-MOTENV1_V4.3.1, FP-SNS-MOTENV1_V4.3.2, FP-SNS-MOTENVWB1_V1.3.1, FP-SNS-SMARTAG2_V1.2.0, STM32Cube_FW_C0_V1.1.0, STM32Cube_FW_F4_V1.28.0, STM32Cube_FW_F7_V1.17.0, STM32Cube_FW_G0_V1.6.2, STM32Cube_FW_G4_V1.5.2, STM32Cube_FW_H5_V0.5.1, STM32Cube_FW_H5_V1.1.1, STM32Cube_FW_H5_V1.2.0, STM32Cube_FW_H5_V1.2.0RC4, STM32Cube_FW_H7RS_V1.0.0, STM32Cube_FW_H7RS_V1.0.0RC4, STM32Cube_FW_H7_V1.11.0, STM32Cube_FW_L0_V1.12.2, STM32Cube_FW_L5_V1.5.1, STM32Cube_FW_U0_V1.0.0, STM32Cube_FW_U0_V1.0.0RC1, STM32Cube_FW_U5_V1.3.0RC4, STM32Cube_FW_U5_V1.5.0, STM32Cube_FW_U5_V1.5.0RC1, STM32Cube_FW_WBA_V1.0.0RC1, STM32Cube_FW_WBA_V1.2.0, STM32Cube_FW_WBA_V1.2.0RC2, STM32Cube_FW_WBA_V1.3.0, STM32Cube_FW_WBA_V1.3.0RC1, STM32Cube_FW_WB_V1.15.0RC1, STM32Cube_FW_WB_V1.16.0, STM32Cube_FW_WB_V1.16.0RC2, STM32Cube_FW_WB_V1.18.0, STM32Cube_FW_WB_V1.19.0, STM32Cube_FW_WL_V1.3.0, X-CUBE-ALGOBUILD_V1.3.0, X-CUBE-ALS_V1.0.1, X-CUBE-AZRTOS-F4_V1.1.0, X-CUBE-AZRTOS-F7_V1.1.0, X-CUBE-AZRTOS-G0_V1.1.0, X-CUBE-AZRTOS-G4_V2.0.0, X-CUBE-AZRTOS-H7_V3.2.0, X-CUBE-AZRTOS-L4_V1.0.0, X-CUBE-AZRTOS-L4_V2.0.0, X-CUBE-AZRTOS-L5_V1.1.0, X-CUBE-AZRTOS-WB_V2.0.0, X-CUBE-AZRTOS-WL_V2.0.0, X-CUBE-BLE1_V7.0.0, X-CUBE-BLE2_V3.3.0, X-CUBE-BLEMGR_V3.1.0, X-CUBE-EEPRMA1_V4.1.0, X-CUBE-EEPRMA1_V5.1.0, X-CUBE-FREERTOS_V1.1.0, X-CUBE-GNSS1_V6.0.0, X-CUBE-MEMS1_V10.0.0, X-CUBE-MEMS1_V9.1.0, X-CUBE-MEMS1_V9.4.0, X-CUBE-MEMS1_V9.6.0, X-CUBE-NFC4_V3.0.0, X-CUBE-NFC7_V1.0.1, X-CUBE-SFXS2LP1_V4.0.0, X-CUBE-SUBG2_V5.0.0, X-CUBE-TOF1_V3.4.0]
2024-04-24 16:28:59,605 [INFO] ApiDb:240 - Found 323 in-development CPN: [B-G473E-ZEST1S, B-WB1M-WPAN1, B-WL5M-SUBG1, NUCLEO-C031C6, NUCLEO-H503RB, NUCLEO-H563ZI, NUCLEO-U545RE-Q, NUCLEO-U5A5ZJ-Q, NUCLEO-WBA52CG, STEVAL-PROTEUS1, STEVAL-SMARTAG2, STEVAL-STWINBX1, STM320518-EVAL, STM32C0116-DK, STM32C011D6Y3TR, STM32C011D6Y6TR, STM32C011F4P3, STM32C011F4P6, STM32C011F4U3, STM32C011F4U6TR, STM32C011F6P3, STM32C011F6P6, STM32C011F6U3, STM32C011F6U6TR, STM32C011J4M3, STM32C011J4M6, STM32C011J6M3, STM32C011J6M6, STM32C0316-DK, STM32C031C4T3, STM32C031C4T6, STM32C031C4U3, STM32C031C4U6, STM32C031C6T3, STM32C031C6T6, STM32C031C6U3, STM32C031C6U6, STM32C031F4P3, STM32C031F4P6, STM32C031F6P3, STM32C031F6P6, STM32C031G4U3, STM32C031G4U6, STM32C031G6U3, STM32C031G6U6, STM32C031K4T3, STM32C031K4T6, STM32C031K4U3, STM32C031K4U6, STM32C031K6T3, STM32C031K6T6, STM32C031K6U3, STM32C031K6U6, STM32G071K8TXN, STM32G071K8UXN, STM32G081GBU6N, STM32G081KBT6N, STM32G081KBUXN, STM32G0B1CCT6N, STM32G0B1KCT6, STM32G0B1NEY6TR, STM32G0B1RCT6N, STM32G0C1CCT6, STM32G0C1CCT6N, STM32G0C1CCU6N, STM32G0C1CET6N, STM32G0C1CEU6N, STM32G0C1KCT6, STM32G0C1NEY6TR, STM32G0C1RCI6N, STM32G0C1RCT6N, STM32G0C1REI6N, STM32G0C1RET6N, STM32G0C1VCI6, STM32G0C1VEI6, STM32G471CCT6, STM32G471CCU6, STM32G471CET3, STM32G471CET6, STM32G471CEU3, STM32G471CEU6, STM32G471MCT6, STM32G471MET3, STM32G471MET6, STM32G471MEY6TR, STM32G471QCT6, STM32G471QET3, STM32G471RCT6, STM32G471RET3, STM32G471RET6, STM32G471VCH6, STM32G471VCI6, STM32G471VCT6, STM32G471VEH3, STM32G471VEH6, STM32G471VEI3, STM32G471VEI6, STM32G471VET3, STM32G471VET6, STM32G474CCT6, STM32H503CBT6, STM32H503CBU6, STM32H503EBY6TR, STM32H503KBU6, STM32H503RBT6, STM32H562AGI6, STM32H562AII6, STM32H562IGK6, STM32H562IGT6, STM32H562IIK6, STM32H562IIT6, STM32H562RGT6, STM32H562RGV6, STM32H562RIT6, STM32H562RIV6, STM32H562VGT6, STM32H562VIT6, STM32H562ZGT6, STM32H562ZIT6, STM32H563AGI6, STM32H563AII3Q, STM32H563AII6, STM32H563IGK6, STM32H563IGT6, STM32H563IIK3Q, STM32H563IIK6, STM32H563IIT3Q, STM32H563IIT6, STM32H563MIY3QTR, STM32H563RGT6, STM32H563RGV6, STM32H563RIT6, STM32H563RIV6, STM32H563VGT6, STM32H563VIT3Q, STM32H563VIT6, STM32H563ZGT6, STM32H563ZIT3Q, STM32H563ZIT6, STM32H573AII3Q, STM32H573AII6, STM32H573I-DK, STM32H573IIK3Q, STM32H573IIK6, STM32H573IIT3Q, STM32H573IIT6, STM32H573MIY3QTR, STM32H573RIT6, STM32H573RIV6, STM32H573VIT3Q, STM32H573VIT6, STM32H573ZIT3Q, STM32H573ZIT6, STM32L4R5QGI6STR, STM32MP131AAE3, STM32MP131AAF3, STM32MP131AAG3, STM32MP131CAE3, STM32MP131CAF3, STM32MP131CAG3, STM32MP131DAE7, STM32MP131DAF7, STM32MP131DAG7, STM32MP131FAE7, STM32MP131FAF7, STM32MP131FAG7, STM32MP133AAE3, STM32MP133AAF3, STM32MP133AAG3, STM32MP133CAE3, STM32MP133CAF3, STM32MP133CAG3, STM32MP133DAE7, STM32MP133DAF7, STM32MP133DAG7, STM32MP133FAE7, STM32MP133FAF7, STM32MP133FAG7, STM32MP135AAE3, STM32MP135AAF3, STM32MP135AAG3, STM32MP135CAE3, STM32MP135CAF3, STM32MP135CAG3, STM32MP135DAE7, STM32MP135DAF7, STM32MP135DAG7, STM32MP135F-DK, STM32MP135FAE7, STM32MP135FAF7, STM32MP135FAF7T, STM32MP135FAF7U, STM32MP135FAG7, STM32U535CBT6, STM32U535CBT6Q, STM32U535CBU6, STM32U535CBU6Q, STM32U535CCT6, STM32U535CCT6Q, STM32U535CCU6, STM32U535CCU6Q, STM32U535CET6, STM32U535CET6Q, STM32U535CEU6, STM32U535CEU6Q, STM32U535JEY6QTR, STM32U535NCY6QTR, STM32U535NEY6QTR, STM32U535RBI6, STM32U535RBI6Q, STM32U535RBT6, STM32U535RBT6Q, STM32U535RCI6, STM32U535RCI6Q, STM32U535RCT6, STM32U535RCT6Q, STM32U535REI6, STM32U535REI6Q, STM32U535RET6, STM32U535RET6Q, STM32U535VCI6, STM32U535VCI6Q, STM32U535VCT6, STM32U535VCT6Q, STM32U535VEI6, STM32U535VEI6Q, STM32U535VET6, STM32U535VET6Q, STM32U545CET6, STM32U545CET6Q, STM32U545CEU6, STM32U545CEU6Q, STM32U545JEY6QTR, STM32U545NEY6QTR, STM32U545REI6, STM32U545REI6Q, STM32U545RET6, STM32U545RET6Q, STM32U545VEI6, STM32U545VEI6Q, STM32U545VET6, STM32U545VET6Q, STM32U595AIH6, STM32U595AIH6Q, STM32U595AJH6, STM32U595AJH6Q, STM32U595QII6, STM32U595QII6Q, STM32U595QJI6, STM32U595QJI6Q, STM32U595RIT6, STM32U595RIT6Q, STM32U595RJT6, STM32U595RJT6Q, STM32U595VIT6, STM32U595VIT6Q, STM32U595VJT6, STM32U595VJT6Q, STM32U595ZIT6, STM32U595ZIT6Q, STM32U595ZIY6QTR, STM32U595ZJT6, STM32U595ZJT6Q, STM32U595ZJY6QTR, STM32U599BJY6QTR, STM32U599NIH6Q, STM32U599NJH6Q, STM32U599VIT6Q, STM32U599VJT6, STM32U599VJT6Q, STM32U599ZIT6Q, STM32U599ZIY6QTR, STM32U599ZJT6Q, STM32U599ZJY6QTR, STM32U5A5AJH6, STM32U5A5AJH6Q, STM32U5A5QJI6, STM32U5A5QJI6Q, STM32U5A5RJT6, STM32U5A5RJT6Q, STM32U5A5VJT6, STM32U5A5VJT6Q, STM32U5A5ZJT6, STM32U5A5ZJT6Q, STM32U5A5ZJY6QTR, STM32U5A9BJY6QTR, STM32U5A9J-DK, STM32U5A9NJH6Q, STM32U5A9VJT6Q, STM32U5A9ZJT6Q, STM32U5A9ZJY6QTR, STM32U5F7VIT6, STM32U5F7VIT6Q, STM32U5F7VJT6, STM32U5F7VJT6Q, STM32U5F9BJY6QTR, STM32U5F9NJH6Q, STM32U5F9VIT6Q, STM32U5F9VJT6Q, STM32U5F9ZIJ6QTR, STM32U5F9ZIT6Q, STM32U5F9ZJJ6QTR, STM32U5F9ZJT6Q, STM32U5G7VJT6, STM32U5G7VJT6Q, STM32U5G9BJY6QTR, STM32U5G9J-DK1, STM32U5G9J-DK2, STM32U5G9NJH6Q, STM32U5G9VJT6Q, STM32U5G9ZJJ6QTR, STM32U5G9ZJT6Q, STM32WB1MMCH6, STM32WBA52CEU6, STM32WBA52CEU6T, STM32WBA52CGU6, STM32WBA52CGU6T, STM32WBA52KEU6, STM32WBA52KEU6T, STM32WBA52KGU6, STM32WBA52KGU6T, STM32WL5MOCH6, STM32WL5MOCH6TR]
2024-04-24 16:28:59,608 [INFO] DbMcus:217 - Found 4050 MCUs, 4050 are supported
2024-04-24 16:28:59,617 [INFO] ApiDb:423 - Load user favorites file C:\Users\User/.stm32cubeide/favorites.mcus.txt: 0 item(s)
2024-04-24 16:28:59,617 [INFO] ApiDb:427 - User favorites MCUs=[]
2024-04-24 16:28:59,617 [INFO] DbMcus:223 - Set 0 / 0 favorites MCUs
2024-04-24 16:28:59,822 [INFO] ApiDb:668 - CubeFinder database Data Model version=2.1
2024-04-24 16:28:59,822 [INFO] ApiDb:669 - CubeFinder database Configuration version=3.0.39
2024-04-24 16:28:59,822 [INFO] ApiDb:670 - CubeFinder database generation date=2024-03-25 (1711369621)
2024-04-24 16:28:59,822 [INFO] ApiDb:671 - CubeFinder database FW Pack versions=[FP-ATR-ASTRA1_V2.0.0, FP-SNS-FLIGHT1_V5.0.1, FP-SNS-FLIGHT1_V5.0.2, FP-SNS-MOTENV1_V4.3.1, FP-SNS-MOTENV1_V4.3.2, FP-SNS-MOTENVWB1_V1.3.1, FP-SNS-SMARTAG2_V1.2.0, STM32Cube_FW_C0_V1.1.0, STM32Cube_FW_F4_V1.28.0, STM32Cube_FW_F7_V1.17.0, STM32Cube_FW_G0_V1.6.2, STM32Cube_FW_G4_V1.5.2, STM32Cube_FW_H5_V0.5.1, STM32Cube_FW_H5_V1.1.1, STM32Cube_FW_H5_V1.2.0, STM32Cube_FW_H5_V1.2.0RC4, STM32Cube_FW_H7RS_V1.0.0, STM32Cube_FW_H7RS_V1.0.0RC4, STM32Cube_FW_H7_V1.11.0, STM32Cube_FW_L0_V1.12.2, STM32Cube_FW_L5_V1.5.1, STM32Cube_FW_U0_V1.0.0, STM32Cube_FW_U0_V1.0.0RC1, STM32Cube_FW_U5_V1.3.0RC4, STM32Cube_FW_U5_V1.5.0, STM32Cube_FW_U5_V1.5.0RC1, STM32Cube_FW_WBA_V1.0.0RC1, STM32Cube_FW_WBA_V1.2.0, STM32Cube_FW_WBA_V1.2.0RC2, STM32Cube_FW_WBA_V1.3.0, STM32Cube_FW_WBA_V1.3.0RC1, STM32Cube_FW_WB_V1.15.0RC1, STM32Cube_FW_WB_V1.16.0, STM32Cube_FW_WB_V1.16.0RC2, STM32Cube_FW_WB_V1.18.0, STM32Cube_FW_WB_V1.19.0, STM32Cube_FW_WL_V1.3.0, X-CUBE-ALGOBUILD_V1.3.0, X-CUBE-ALS_V1.0.1, X-CUBE-AZRTOS-F4_V1.1.0, X-CUBE-AZRTOS-F7_V1.1.0, X-CUBE-AZRTOS-G0_V1.1.0, X-CUBE-AZRTOS-G4_V2.0.0, X-CUBE-AZRTOS-H7_V3.2.0, X-CUBE-AZRTOS-L4_V1.0.0, X-CUBE-AZRTOS-L4_V2.0.0, X-CUBE-AZRTOS-L5_V1.1.0, X-CUBE-AZRTOS-WB_V2.0.0, X-CUBE-AZRTOS-WL_V2.0.0, X-CUBE-BLE1_V7.0.0, X-CUBE-BLE2_V3.3.0, X-CUBE-BLEMGR_V3.1.0, X-CUBE-EEPRMA1_V4.1.0, X-CUBE-EEPRMA1_V5.1.0, X-CUBE-FREERTOS_V1.1.0, X-CUBE-GNSS1_V6.0.0, X-CUBE-MEMS1_V10.0.0, X-CUBE-MEMS1_V9.1.0, X-CUBE-MEMS1_V9.4.0, X-CUBE-MEMS1_V9.6.0, X-CUBE-NFC4_V3.0.0, X-CUBE-NFC7_V1.0.1, X-CUBE-SFXS2LP1_V4.0.0, X-CUBE-SUBG2_V5.0.0, X-CUBE-TOF1_V3.4.0]
2024-04-24 16:28:59,855 [INFO] DbBoardsSqlite:226 - include board P-NUCLEO-WB55-NUCLEO as a kit item of type 'Nucleo-64'
2024-04-24 16:28:59,855 [INFO] DbBoardsSqlite:226 - include board P-NUCLEO-WB55-USBDONGLE as a kit item of type 'Nucleo USB Dongle'
2024-04-24 16:28:59,855 [INFO] DbBoardsSqlite:226 - include board STEVAL-IDP005V1 as a kit item of type 'Evaluation Board'
2024-04-24 16:28:59,855 [INFO] DbBoardsSqlite:226 - include board STEVAL-IDP005V2 as a kit item of type 'Evaluation Board'
2024-04-24 16:28:59,887 [INFO] ApiDb:240 - Found 323 in-development CPN: [B-G473E-ZEST1S, B-WB1M-WPAN1, B-WL5M-SUBG1, NUCLEO-C031C6, NUCLEO-H503RB, NUCLEO-H563ZI, NUCLEO-U545RE-Q, NUCLEO-U5A5ZJ-Q, NUCLEO-WBA52CG, STEVAL-PROTEUS1, STEVAL-SMARTAG2, STEVAL-STWINBX1, STM320518-EVAL, STM32C0116-DK, STM32C011D6Y3TR, STM32C011D6Y6TR, STM32C011F4P3, STM32C011F4P6, STM32C011F4U3, STM32C011F4U6TR, STM32C011F6P3, STM32C011F6P6, STM32C011F6U3, STM32C011F6U6TR, STM32C011J4M3, STM32C011J4M6, STM32C011J6M3, STM32C011J6M6, STM32C0316-DK, STM32C031C4T3, STM32C031C4T6, STM32C031C4U3, STM32C031C4U6, STM32C031C6T3, STM32C031C6T6, STM32C031C6U3, STM32C031C6U6, STM32C031F4P3, STM32C031F4P6, STM32C031F6P3, STM32C031F6P6, STM32C031G4U3, STM32C031G4U6, STM32C031G6U3, STM32C031G6U6, STM32C031K4T3, STM32C031K4T6, STM32C031K4U3, STM32C031K4U6, STM32C031K6T3, STM32C031K6T6, STM32C031K6U3, STM32C031K6U6, STM32G071K8TXN, STM32G071K8UXN, STM32G081GBU6N, STM32G081KBT6N, STM32G081KBUXN, STM32G0B1CCT6N, STM32G0B1KCT6, STM32G0B1NEY6TR, STM32G0B1RCT6N, STM32G0C1CCT6, STM32G0C1CCT6N, STM32G0C1CCU6N, STM32G0C1CET6N, STM32G0C1CEU6N, STM32G0C1KCT6, STM32G0C1NEY6TR, STM32G0C1RCI6N, STM32G0C1RCT6N, STM32G0C1REI6N, STM32G0C1RET6N, STM32G0C1VCI6, STM32G0C1VEI6, STM32G471CCT6, STM32G471CCU6, STM32G471CET3, STM32G471CET6, STM32G471CEU3, STM32G471CEU6, STM32G471MCT6, STM32G471MET3, STM32G471MET6, STM32G471MEY6TR, STM32G471QCT6, STM32G471QET3, STM32G471RCT6, STM32G471RET3, STM32G471RET6, STM32G471VCH6, STM32G471VCI6, STM32G471VCT6, STM32G471VEH3, STM32G471VEH6, STM32G471VEI3, STM32G471VEI6, STM32G471VET3, STM32G471VET6, STM32G474CCT6, STM32H503CBT6, STM32H503CBU6, STM32H503EBY6TR, STM32H503KBU6, STM32H503RBT6, STM32H562AGI6, STM32H562AII6, STM32H562IGK6, STM32H562IGT6, STM32H562IIK6, STM32H562IIT6, STM32H562RGT6, STM32H562RGV6, STM32H562RIT6, STM32H562RIV6, STM32H562VGT6, STM32H562VIT6, STM32H562ZGT6, STM32H562ZIT6, STM32H563AGI6, STM32H563AII3Q, STM32H563AII6, STM32H563IGK6, STM32H563IGT6, STM32H563IIK3Q, STM32H563IIK6, STM32H563IIT3Q, STM32H563IIT6, STM32H563MIY3QTR, STM32H563RGT6, STM32H563RGV6, STM32H563RIT6, STM32H563RIV6, STM32H563VGT6, STM32H563VIT3Q, STM32H563VIT6, STM32H563ZGT6, STM32H563ZIT3Q, STM32H563ZIT6, STM32H573AII3Q, STM32H573AII6, STM32H573I-DK, STM32H573IIK3Q, STM32H573IIK6, STM32H573IIT3Q, STM32H573IIT6, STM32H573MIY3QTR, STM32H573RIT6, STM32H573RIV6, STM32H573VIT3Q, STM32H573VIT6, STM32H573ZIT3Q, STM32H573ZIT6, STM32L4R5QGI6STR, STM32MP131AAE3, STM32MP131AAF3, STM32MP131AAG3, STM32MP131CAE3, STM32MP131CAF3, STM32MP131CAG3, STM32MP131DAE7, STM32MP131DAF7, STM32MP131DAG7, STM32MP131FAE7, STM32MP131FAF7, STM32MP131FAG7, STM32MP133AAE3, STM32MP133AAF3, STM32MP133AAG3, STM32MP133CAE3, STM32MP133CAF3, STM32MP133CAG3, STM32MP133DAE7, STM32MP133DAF7, STM32MP133DAG7, STM32MP133FAE7, STM32MP133FAF7, STM32MP133FAG7, STM32MP135AAE3, STM32MP135AAF3, STM32MP135AAG3, STM32MP135CAE3, STM32MP135CAF3, STM32MP135CAG3, STM32MP135DAE7, STM32MP135DAF7, STM32MP135DAG7, STM32MP135F-DK, STM32MP135FAE7, STM32MP135FAF7, STM32MP135FAF7T, STM32MP135FAF7U, STM32MP135FAG7, STM32U535CBT6, STM32U535CBT6Q, STM32U535CBU6, STM32U535CBU6Q, STM32U535CCT6, STM32U535CCT6Q, STM32U535CCU6, STM32U535CCU6Q, STM32U535CET6, STM32U535CET6Q, STM32U535CEU6, STM32U535CEU6Q, STM32U535JEY6QTR, STM32U535NCY6QTR, STM32U535NEY6QTR, STM32U535RBI6, STM32U535RBI6Q, STM32U535RBT6, STM32U535RBT6Q, STM32U535RCI6, STM32U535RCI6Q, STM32U535RCT6, STM32U535RCT6Q, STM32U535REI6, STM32U535REI6Q, STM32U535RET6, STM32U535RET6Q, STM32U535VCI6, STM32U535VCI6Q, STM32U535VCT6, STM32U535VCT6Q, STM32U535VEI6, STM32U535VEI6Q, STM32U535VET6, STM32U535VET6Q, STM32U545CET6, STM32U545CET6Q, STM32U545CEU6, STM32U545CEU6Q, STM32U545JEY6QTR, STM32U545NEY6QTR, STM32U545REI6, STM32U545REI6Q, STM32U545RET6, STM32U545RET6Q, STM32U545VEI6, STM32U545VEI6Q, STM32U545VET6, STM32U545VET6Q, STM32U595AIH6, STM32U595AIH6Q, STM32U595AJH6, STM32U595AJH6Q, STM32U595QII6, STM32U595QII6Q, STM32U595QJI6, STM32U595QJI6Q, STM32U595RIT6, STM32U595RIT6Q, STM32U595RJT6, STM32U595RJT6Q, STM32U595VIT6, STM32U595VIT6Q, STM32U595VJT6, STM32U595VJT6Q, STM32U595ZIT6, STM32U595ZIT6Q, STM32U595ZIY6QTR, STM32U595ZJT6, STM32U595ZJT6Q, STM32U595ZJY6QTR, STM32U599BJY6QTR, STM32U599NIH6Q, STM32U599NJH6Q, STM32U599VIT6Q, STM32U599VJT6, STM32U599VJT6Q, STM32U599ZIT6Q, STM32U599ZIY6QTR, STM32U599ZJT6Q, STM32U599ZJY6QTR, STM32U5A5AJH6, STM32U5A5AJH6Q, STM32U5A5QJI6, STM32U5A5QJI6Q, STM32U5A5RJT6, STM32U5A5RJT6Q, STM32U5A5VJT6, STM32U5A5VJT6Q, STM32U5A5ZJT6, STM32U5A5ZJT6Q, STM32U5A5ZJY6QTR, STM32U5A9BJY6QTR, STM32U5A9J-DK, STM32U5A9NJH6Q, STM32U5A9VJT6Q, STM32U5A9ZJT6Q, STM32U5A9ZJY6QTR, STM32U5F7VIT6, STM32U5F7VIT6Q, STM32U5F7VJT6, STM32U5F7VJT6Q, STM32U5F9BJY6QTR, STM32U5F9NJH6Q, STM32U5F9VIT6Q, STM32U5F9VJT6Q, STM32U5F9ZIJ6QTR, STM32U5F9ZIT6Q, STM32U5F9ZJJ6QTR, STM32U5F9ZJT6Q, STM32U5G7VJT6, STM32U5G7VJT6Q, STM32U5G9BJY6QTR, STM32U5G9J-DK1, STM32U5G9J-DK2, STM32U5G9NJH6Q, STM32U5G9VJT6Q, STM32U5G9ZJJ6QTR, STM32U5G9ZJT6Q, STM32WB1MMCH6, STM32WBA52CEU6, STM32WBA52CEU6T, STM32WBA52CGU6, STM32WBA52CGU6T, STM32WBA52KEU6, STM32WBA52KEU6T, STM32WBA52KGU6, STM32WBA52KGU6T, STM32WL5MOCH6, STM32WL5MOCH6TR]
2024-04-24 16:28:59,948 [INFO] BoardInfo:880 - No configuration file found for board NUCLEO-H7S3L8
2024-04-24 16:28:59,948 [INFO] DbBoards:157 - Board is not supported: NUCLEO-H7S3L8
2024-04-24 16:28:59,961 [INFO] BoardInfo:880 - No configuration file found for board NUCLEO-U031R8
2024-04-24 16:28:59,961 [INFO] DbBoards:157 - Board is not supported: NUCLEO-U031R8
2024-04-24 16:28:59,962 [INFO] BoardInfo:880 - No configuration file found for board NUCLEO-U083RC
2024-04-24 16:28:59,962 [INFO] DbBoards:157 - Board is not supported: NUCLEO-U083RC
2024-04-24 16:28:59,967 [INFO] BoardInfo:880 - No configuration file found for board NUCLEO-WBA55CG
2024-04-24 16:28:59,967 [INFO] DbBoards:157 - Board is not supported: NUCLEO-WBA55CG
2024-04-24 16:28:59,970 [INFO] BoardInfo:880 - No configuration file found for board P-NUCLEO-WB55
2024-04-24 16:28:59,970 [INFO] DbBoards:157 - Kit is not supported: P-NUCLEO-WB55
2024-04-24 16:28:59,973 [INFO] BoardInfo:880 - No configuration file found for board STEVAL-BFA001V1B
2024-04-24 16:28:59,973 [INFO] DbBoards:157 - Kit is not supported: STEVAL-BFA001V1B
2024-04-24 16:28:59,973 [INFO] BoardInfo:880 - No configuration file found for board STEVAL-BFA001V2B
2024-04-24 16:28:59,973 [INFO] DbBoards:157 - Kit is not supported: STEVAL-BFA001V2B
2024-04-24 16:28:59,975 [INFO] BoardInfo:880 - No configuration file found for board STEVAL-MKBOXPRO
2024-04-24 16:28:59,975 [INFO] DbBoards:157 - Board is not supported: STEVAL-MKBOXPRO
2024-04-24 16:29:00,026 [INFO] BoardInfo:880 - No configuration file found for board STM32H7S78-DK
2024-04-24 16:29:00,027 [INFO] DbBoards:157 - Board is not supported: STM32H7S78-DK
2024-04-24 16:29:00,043 [INFO] BoardInfo:880 - No configuration file found for board STM32U083C-DK
2024-04-24 16:29:00,043 [INFO] DbBoards:157 - Board is not supported: STM32U083C-DK
2024-04-24 16:29:00,047 [INFO] DbBoards:161 - Found 197 boards, 187 are supported
2024-04-24 16:29:00,048 [INFO] ApiDb:423 - Load user favorites file C:\Users\User/.stm32cubeide/favorites.boards.txt: 0 item(s)
2024-04-24 16:29:00,048 [INFO] ApiDb:427 - User favorites Boards=[]
2024-04-24 16:29:00,048 [INFO] DbBoards:190 - Set 0 / 0 favorites Boards
2024-04-24 16:29:00,050 [INFO] ApiDb:668 - CubeFinder database Data Model version=2.1
2024-04-24 16:29:00,050 [INFO] ApiDb:669 - CubeFinder database Configuration version=3.0.39
2024-04-24 16:29:00,050 [INFO] ApiDb:670 - CubeFinder database generation date=2024-03-25 (1711369621)
2024-04-24 16:29:00,050 [INFO] ApiDb:671 - CubeFinder database FW Pack versions=[FP-ATR-ASTRA1_V2.0.0, FP-SNS-FLIGHT1_V5.0.1, FP-SNS-FLIGHT1_V5.0.2, FP-SNS-MOTENV1_V4.3.1, FP-SNS-MOTENV1_V4.3.2, FP-SNS-MOTENVWB1_V1.3.1, FP-SNS-SMARTAG2_V1.2.0, STM32Cube_FW_C0_V1.1.0, STM32Cube_FW_F4_V1.28.0, STM32Cube_FW_F7_V1.17.0, STM32Cube_FW_G0_V1.6.2, STM32Cube_FW_G4_V1.5.2, STM32Cube_FW_H5_V0.5.1, STM32Cube_FW_H5_V1.1.1, STM32Cube_FW_H5_V1.2.0, STM32Cube_FW_H5_V1.2.0RC4, STM32Cube_FW_H7RS_V1.0.0, STM32Cube_FW_H7RS_V1.0.0RC4, STM32Cube_FW_H7_V1.11.0, STM32Cube_FW_L0_V1.12.2, STM32Cube_FW_L5_V1.5.1, STM32Cube_FW_U0_V1.0.0, STM32Cube_FW_U0_V1.0.0RC1, STM32Cube_FW_U5_V1.3.0RC4, STM32Cube_FW_U5_V1.5.0, STM32Cube_FW_U5_V1.5.0RC1, STM32Cube_FW_WBA_V1.0.0RC1, STM32Cube_FW_WBA_V1.2.0, STM32Cube_FW_WBA_V1.2.0RC2, STM32Cube_FW_WBA_V1.3.0, STM32Cube_FW_WBA_V1.3.0RC1, STM32Cube_FW_WB_V1.15.0RC1, STM32Cube_FW_WB_V1.16.0, STM32Cube_FW_WB_V1.16.0RC2, STM32Cube_FW_WB_V1.18.0, STM32Cube_FW_WB_V1.19.0, STM32Cube_FW_WL_V1.3.0, X-CUBE-ALGOBUILD_V1.3.0, X-CUBE-ALS_V1.0.1, X-CUBE-AZRTOS-F4_V1.1.0, X-CUBE-AZRTOS-F7_V1.1.0, X-CUBE-AZRTOS-G0_V1.1.0, X-CUBE-AZRTOS-G4_V2.0.0, X-CUBE-AZRTOS-H7_V3.2.0, X-CUBE-AZRTOS-L4_V1.0.0, X-CUBE-AZRTOS-L4_V2.0.0, X-CUBE-AZRTOS-L5_V1.1.0, X-CUBE-AZRTOS-WB_V2.0.0, X-CUBE-AZRTOS-WL_V2.0.0, X-CUBE-BLE1_V7.0.0, X-CUBE-BLE2_V3.3.0, X-CUBE-BLEMGR_V3.1.0, X-CUBE-EEPRMA1_V4.1.0, X-CUBE-EEPRMA1_V5.1.0, X-CUBE-FREERTOS_V1.1.0, X-CUBE-GNSS1_V6.0.0, X-CUBE-MEMS1_V10.0.0, X-CUBE-MEMS1_V9.1.0, X-CUBE-MEMS1_V9.4.0, X-CUBE-MEMS1_V9.6.0, X-CUBE-NFC4_V3.0.0, X-CUBE-NFC7_V1.0.1, X-CUBE-SFXS2LP1_V4.0.0, X-CUBE-SUBG2_V5.0.0, X-CUBE-TOF1_V3.4.0]
2024-04-24 16:29:00,475 [ERROR] DbExamplesSqlite:437 - Missing JSON key: board_cpn
2024-04-24 16:29:00,475 [ERROR] DbExamplesSqlite:437 - Missing JSON key: board_cpn
2024-04-24 16:29:00,475 [ERROR] DbExamplesSqlite:437 - Missing JSON key: board_cpn
2024-04-24 16:29:00,475 [ERROR] DbExamplesSqlite:437 - Missing JSON key: board_cpn
2024-04-24 16:29:00,531 [INFO] DbExamplesSqlite:395 - Ignored 60 examples not supported by CubeIDE
2024-04-24 16:29:00,531 [INFO] DbExamplesSqlite:396 - Found 8152 examples active
2024-04-24 16:29:00,531 [INFO] DbExamplesSqlite:397 - Found 871 examples obsolete
2024-04-24 16:29:00,531 [INFO] DbExamplesSqlite:398 - Found 0 examples under development
2024-04-24 16:29:00,531 [INFO] DbExamplesSqlite:399 - Found 10 examples not building
2024-04-24 16:29:00,532 [INFO] DbExamples:125 - Found 8102 examples
2024-04-24 16:29:00,551 [ERROR] DbExamples:208 - Found 80 examples with invalid data (board or MCU)
2024-04-24 16:29:00,551 [INFO] DbExamples:222 - Found 99 boards with related examples
2024-04-24 16:29:00,552 [INFO] DbExamples:235 - Found 85 MCUs with related examples
2024-04-24 16:29:00,568 [INFO] ApiDb:414 - User favorites file not found: C:\Users\User/.stm32cubeide/favorites.examples.txt
2024-04-24 16:29:00,568 [INFO] DbExamples:250 - Set 0 / 0 favorites Examples
2024-04-24 16:29:00,758 [INFO] McuFinderGlobals:76 - Set McuFinderConnectedMode to true
2024-04-24 16:29:00,764 [INFO] MultiScanPanel:200 - Auto-refresh data requested => check proxy status ongoing
2024-04-24 16:29:00,766 [INFO] FinderPluginLoader:95 - Searching for filters in installed packs
2024-04-24 16:29:01,572 [INFO] LoadUrlFilesThread:185 - End of LoadServerUrlFiles without Thread
2024-04-24 16:29:01,580 [INFO] DetailPanel:341 - Set advertising image to C:/Users/User/STM32Cube/Repository/\en.prom-stm32wl3-mcu-finder.jpg
2024-04-24 16:29:06,740 [ERROR] LogOutputStream:75 - [STDERR_REDIRECT] Exception in thread "AWT-EventQueue-0" java.lang.NullPointerException: Cannot invoke "com.st.stm32cube.common.mx.targetselector.IdeMcuFinder.cleanUp(boolean)" because "this.this$0.mcuFinder" is null
2024-04-24 16:29:06,742 [ERROR] LogOutputStream:75 - [STDERR_REDIRECT] 	at com.st.stm32cube.common.mx.targetselector.TargetSelectorAdapter$7.run(TargetSelectorAdapter.java:353)
2024-04-24 16:29:06,742 [ERROR] LogOutputStream:75 - [STDERR_REDIRECT] 	at com.st.stm32cube.common.mx.oss.core.awtswtbridge.AwtEnvironment$2.run(AwtEnvironment.java:166)
2024-04-24 16:29:06,743 [ERROR] LogOutputStream:75 - [STDERR_REDIRECT] 	at java.desktop/java.awt.event.InvocationEvent.dispatch(InvocationEvent.java:318)
2024-04-24 16:29:06,744 [ERROR] LogOutputStream:75 - [STDERR_REDIRECT] 	at java.desktop/java.awt.EventQueue.dispatchEventImpl(EventQueue.java:771)
2024-04-24 16:29:06,744 [ERROR] LogOutputStream:75 - [STDERR_REDIRECT] 	at java.desktop/java.awt.EventQueue$4.run(EventQueue.java:722)
2024-04-24 16:29:06,745 [ERROR] LogOutputStream:75 - [STDERR_REDIRECT] 	at java.desktop/java.awt.EventQueue$4.run(EventQueue.java:716)
2024-04-24 16:29:06,745 [ERROR] LogOutputStream:75 - [STDERR_REDIRECT] 	at java.base/java.security.AccessController.doPrivileged(AccessController.java:399)
2024-04-24 16:29:06,746 [ERROR] LogOutputStream:75 - [STDERR_REDIRECT] 	at java.base/java.security.ProtectionDomain$JavaSecurityAccessImpl.doIntersectionPrivilege(ProtectionDomain.java:86)
2024-04-24 16:29:06,747 [ERROR] LogOutputStream:75 - [STDERR_REDIRECT] 	at java.desktop/java.awt.EventQueue.dispatchEvent(EventQueue.java:741)
2024-04-24 16:29:06,748 [ERROR] LogOutputStream:75 - [STDERR_REDIRECT] 	at java.desktop/java.awt.EventDispatchThread.pumpOneEventForFilters(EventDispatchThread.java:203)
2024-04-24 16:29:06,749 [ERROR] LogOutputStream:75 - [STDERR_REDIRECT] 	at java.desktop/java.awt.EventDispatchThread.pumpEventsForFilter(EventDispatchThread.java:124)
2024-04-24 16:29:06,750 [ERROR] LogOutputStream:75 - [STDERR_REDIRECT] 	at java.desktop/java.awt.EventDispatchThread.pumpEventsForHierarchy(EventDispatchThread.java:113)
2024-04-24 16:29:06,750 [ERROR] LogOutputStream:75 - [STDERR_REDIRECT] 	at java.desktop/java.awt.EventDispatchThread.pumpEvents(EventDispatchThread.java:109)
2024-04-24 16:29:06,751 [ERROR] LogOutputStream:75 - [STDERR_REDIRECT] 	at java.desktop/java.awt.EventDispatchThread.pumpEvents(EventDispatchThread.java:101)
2024-04-24 16:29:06,752 [ERROR] LogOutputStream:75 - [STDERR_REDIRECT] 	at java.desktop/java.awt.EventDispatchThread.run(EventDispatchThread.java:90)
2024-04-24 16:29:06,754 [ERROR] LogOutputStream:75 - [STDERR_REDIRECT] Exception in thread "AWT-EventQueue-0" java.lang.NullPointerException: Cannot invoke "com.st.stm32cube.common.mx.targetselector.IdeMcuFinder.cleanUp(boolean)" because "this.this$0.mcuFinder" is null
2024-04-24 16:29:06,755 [ERROR] LogOutputStream:75 - [STDERR_REDIRECT] 	at com.st.stm32cube.common.mx.targetselector.TargetSelectorAdapter$7.run(TargetSelectorAdapter.java:353)
2024-04-24 16:29:06,756 [ERROR] LogOutputStream:75 - [STDERR_REDIRECT] 	at com.st.stm32cube.common.mx.oss.core.awtswtbridge.AwtEnvironment$2.run(AwtEnvironment.java:166)
2024-04-24 16:29:06,757 [ERROR] LogOutputStream:75 - [STDERR_REDIRECT] 	at java.desktop/java.awt.event.InvocationEvent.dispatch(InvocationEvent.java:318)
2024-04-24 16:29:06,758 [ERROR] LogOutputStream:75 - [STDERR_REDIRECT] 	at java.desktop/java.awt.EventQueue.dispatchEventImpl(EventQueue.java:771)
2024-04-24 16:29:06,758 [ERROR] LogOutputStream:75 - [STDERR_REDIRECT] 	at java.desktop/java.awt.EventQueue$4.run(EventQueue.java:722)
2024-04-24 16:29:06,759 [ERROR] LogOutputStream:75 - [STDERR_REDIRECT] 	at java.desktop/java.awt.EventQueue$4.run(EventQueue.java:716)
2024-04-24 16:29:06,760 [ERROR] LogOutputStream:75 - [STDERR_REDIRECT] 	at java.base/java.security.AccessController.doPrivileged(AccessController.java:399)
2024-04-24 16:29:06,761 [ERROR] LogOutputStream:75 - [STDERR_REDIRECT] 	at java.base/java.security.ProtectionDomain$JavaSecurityAccessImpl.doIntersectionPrivilege(ProtectionDomain.java:86)
2024-04-24 16:29:06,761 [ERROR] LogOutputStream:75 - [STDERR_REDIRECT] 	at java.desktop/java.awt.EventQueue.dispatchEvent(EventQueue.java:741)
2024-04-24 16:29:06,762 [ERROR] LogOutputStream:75 - [STDERR_REDIRECT] 	at java.desktop/java.awt.EventDispatchThread.pumpOneEventForFilters(EventDispatchThread.java:203)
2024-04-24 16:29:06,763 [ERROR] LogOutputStream:75 - [STDERR_REDIRECT] 	at java.desktop/java.awt.EventDispatchThread.pumpEventsForFilter(EventDispatchThread.java:124)
2024-04-24 16:29:06,764 [ERROR] LogOutputStream:75 - [STDERR_REDIRECT] 	at java.desktop/java.awt.EventDispatchThread.pumpEventsForHierarchy(EventDispatchThread.java:113)
2024-04-24 16:29:06,764 [ERROR] LogOutputStream:75 - [STDERR_REDIRECT] 	at java.desktop/java.awt.EventDispatchThread.pumpEvents(EventDispatchThread.java:109)
2024-04-24 16:29:06,765 [ERROR] LogOutputStream:75 - [STDERR_REDIRECT] 	at java.desktop/java.awt.EventDispatchThread.pumpEvents(EventDispatchThread.java:101)
2024-04-24 16:29:06,766 [ERROR] LogOutputStream:75 - [STDERR_REDIRECT] 	at java.desktop/java.awt.EventDispatchThread.run(EventDispatchThread.java:90)
2024-04-24 17:39:04,163 [ERROR] LogOutputStream:75 - [STDERR_REDIRECT] 
